mode: atomic
github.com/RoseWrightdev/Video-Conferencing/backend/go/internal/v1/session/client.go:123.37,127.2 3 101
github.com/RoseWrightdev/Video-Conferencing/backend/go/internal/v1/session/client.go:130.41,134.2 3 10
github.com/RoseWrightdev/Video-Conferencing/backend/go/internal/v1/session/client.go:139.29,140.15 1 1
github.com/RoseWrightdev/Video-Conferencing/backend/go/internal/v1/session/client.go:140.15,144.3 3 1
github.com/RoseWrightdev/Video-Conferencing/backend/go/internal/v1/session/client.go:146.2,146.6 1 1
github.com/RoseWrightdev/Video-Conferencing/backend/go/internal/v1/session/client.go:146.6,149.17 2 2
github.com/RoseWrightdev/Video-Conferencing/backend/go/internal/v1/session/client.go:149.17,150.9 1 1
github.com/RoseWrightdev/Video-Conferencing/backend/go/internal/v1/session/client.go:152.3,152.45 1 1
github.com/RoseWrightdev/Video-Conferencing/backend/go/internal/v1/session/client.go:152.45,153.12 1 0
github.com/RoseWrightdev/Video-Conferencing/backend/go/internal/v1/session/client.go:157.3,158.53 2 1
github.com/RoseWrightdev/Video-Conferencing/backend/go/internal/v1/session/client.go:158.53,160.12 2 0
github.com/RoseWrightdev/Video-Conferencing/backend/go/internal/v1/session/client.go:164.3,165.30 2 1
github.com/RoseWrightdev/Video-Conferencing/backend/go/internal/v1/session/client.go:169.30,173.30 3 1
github.com/RoseWrightdev/Video-Conferencing/backend/go/internal/v1/session/client.go:173.30,175.79 2 1
github.com/RoseWrightdev/Video-Conferencing/backend/go/internal/v1/session/client.go:175.79,178.4 2 0
github.com/RoseWrightdev/Video-Conferencing/backend/go/internal/v1/session/client.go:180.2,180.55 1 1
github.com/RoseWrightdev/Video-Conferencing/backend/go/internal/v1/session/client.go:183.54,185.16 2 71
github.com/RoseWrightdev/Video-Conferencing/backend/go/internal/v1/session/client.go:185.16,188.3 2 0
github.com/RoseWrightdev/Video-Conferencing/backend/go/internal/v1/session/client.go:190.2,190.9 1 71
github.com/RoseWrightdev/Video-Conferencing/backend/go/internal/v1/session/client.go:191.22,191.22 0 70
github.com/RoseWrightdev/Video-Conferencing/backend/go/internal/v1/session/client.go:192.10,193.58 1 1
github.com/RoseWrightdev/Video-Conferencing/backend/go/internal/v1/session/handlers.go:12.99,16.18 3 5
github.com/RoseWrightdev/Video-Conferencing/backend/go/internal/v1/session/handlers.go:17.15,18.39 1 3
github.com/RoseWrightdev/Video-Conferencing/backend/go/internal/v1/session/handlers.go:19.15,20.39 1 2
github.com/RoseWrightdev/Video-Conferencing/backend/go/internal/v1/session/handlers.go:24.2,33.18 2 5
github.com/RoseWrightdev/Video-Conferencing/backend/go/internal/v1/session/handlers.go:36.97,52.2 5 9
github.com/RoseWrightdev/Video-Conferencing/backend/go/internal/v1/session/handlers.go:54.89,66.22 2 3
github.com/RoseWrightdev/Video-Conferencing/backend/go/internal/v1/session/handlers.go:66.22,74.3 2 2
github.com/RoseWrightdev/Video-Conferencing/backend/go/internal/v1/session/handlers.go:77.2,83.21 2 3
github.com/RoseWrightdev/Video-Conferencing/backend/go/internal/v1/session/handlers.go:83.22,85.3 0 1
github.com/RoseWrightdev/Video-Conferencing/backend/go/internal/v1/session/handlers.go:85.8,87.3 1 2
github.com/RoseWrightdev/Video-Conferencing/backend/go/internal/v1/session/handlers.go:90.99,105.2 5 2
github.com/RoseWrightdev/Video-Conferencing/backend/go/internal/v1/session/handlers.go:107.74,114.36 5 1
github.com/RoseWrightdev/Video-Conferencing/backend/go/internal/v1/session/handlers.go:114.36,122.3 1 5
github.com/RoseWrightdev/Video-Conferencing/backend/go/internal/v1/session/handlers.go:124.1,130.4 1 1
github.com/RoseWrightdev/Video-Conferencing/backend/go/internal/v1/session/handlers.go:134.97,140.61 3 2
github.com/RoseWrightdev/Video-Conferencing/backend/go/internal/v1/session/handlers.go:140.61,142.3 1 1
github.com/RoseWrightdev/Video-Conferencing/backend/go/internal/v1/session/handlers.go:145.2,154.4 2 1
github.com/RoseWrightdev/Video-Conferencing/backend/go/internal/v1/session/handlers.go:158.88,174.31 4 1
github.com/RoseWrightdev/Video-Conferencing/backend/go/internal/v1/session/handlers.go:174.31,176.3 1 1
github.com/RoseWrightdev/Video-Conferencing/backend/go/internal/v1/session/handlers.go:179.104,181.54 1 5
github.com/RoseWrightdev/Video-Conferencing/backend/go/internal/v1/session/handlers.go:181.54,184.3 2 1
github.com/RoseWrightdev/Video-Conferencing/backend/go/internal/v1/session/handlers.go:186.2,191.25 4 4
github.com/RoseWrightdev/Video-Conferencing/backend/go/internal/v1/session/handlers.go:192.14,195.44 2 1
github.com/RoseWrightdev/Video-Conferencing/backend/go/internal/v1/session/handlers.go:195.44,197.4 1 1
github.com/RoseWrightdev/Video-Conferencing/backend/go/internal/v1/session/handlers.go:198.3,198.37 1 1
github.com/RoseWrightdev/Video-Conferencing/backend/go/internal/v1/session/handlers.go:198.37,200.4 1 0
github.com/RoseWrightdev/Video-Conferencing/backend/go/internal/v1/session/handlers.go:201.3,201.39 1 1
github.com/RoseWrightdev/Video-Conferencing/backend/go/internal/v1/session/handlers.go:201.39,203.4 1 0
github.com/RoseWrightdev/Video-Conferencing/backend/go/internal/v1/session/handlers.go:205.3,205.20 1 1
github.com/RoseWrightdev/Video-Conferencing/backend/go/internal/v1/session/handlers.go:205.20,221.4 3 1
github.com/RoseWrightdev/Video-Conferencing/backend/go/internal/v1/session/handlers.go:223.17,224.44 1 1
github.com/RoseWrightdev/Video-Conferencing/backend/go/internal/v1/session/handlers.go:224.44,246.4 6 1
github.com/RoseWrightdev/Video-Conferencing/backend/go/internal/v1/session/handlers.go:248.14,250.49 1 1
github.com/RoseWrightdev/Video-Conferencing/backend/go/internal/v1/session/handlers.go:250.49,254.4 2 1
github.com/RoseWrightdev/Video-Conferencing/backend/go/internal/v1/session/handlers.go:256.16,257.49 1 1
github.com/RoseWrightdev/Video-Conferencing/backend/go/internal/v1/session/handlers.go:257.49,260.4 2 1
github.com/RoseWrightdev/Video-Conferencing/backend/go/internal/v1/session/hub.go:115.74,121.39 3 11
github.com/RoseWrightdev/Video-Conferencing/backend/go/internal/v1/session/hub.go:121.39,123.20 2 0
github.com/RoseWrightdev/Video-Conferencing/backend/go/internal/v1/session/hub.go:123.20,125.4 1 0
github.com/RoseWrightdev/Video-Conferencing/backend/go/internal/v1/session/hub.go:127.3,129.17 3 0
github.com/RoseWrightdev/Video-Conferencing/backend/go/internal/v1/session/hub.go:129.17,132.14 2 0
github.com/RoseWrightdev/Video-Conferencing/backend/go/internal/v1/session/hub.go:134.3,134.33 1 0
github.com/RoseWrightdev/Video-Conferencing/backend/go/internal/v1/session/hub.go:135.8,137.3 1 11
github.com/RoseWrightdev/Video-Conferencing/backend/go/internal/v1/session/hub.go:139.2,147.3 1 11
github.com/RoseWrightdev/Video-Conferencing/backend/go/internal/v1/session/hub.go:164.39,167.23 2 0
github.com/RoseWrightdev/Video-Conferencing/backend/go/internal/v1/session/hub.go:167.23,170.3 2 0
github.com/RoseWrightdev/Video-Conferencing/backend/go/internal/v1/session/hub.go:172.2,173.16 2 0
github.com/RoseWrightdev/Video-Conferencing/backend/go/internal/v1/session/hub.go:173.16,176.3 2 0
github.com/RoseWrightdev/Video-Conferencing/backend/go/internal/v1/session/hub.go:178.2,181.43 2 0
github.com/RoseWrightdev/Video-Conferencing/backend/go/internal/v1/session/hub.go:181.43,183.20 2 0
github.com/RoseWrightdev/Video-Conferencing/backend/go/internal/v1/session/hub.go:183.20,185.5 1 0
github.com/RoseWrightdev/Video-Conferencing/backend/go/internal/v1/session/hub.go:186.4,187.18 2 0
github.com/RoseWrightdev/Video-Conferencing/backend/go/internal/v1/session/hub.go:187.18,189.5 1 0
github.com/RoseWrightdev/Video-Conferencing/backend/go/internal/v1/session/hub.go:191.4,191.43 1 0
github.com/RoseWrightdev/Video-Conferencing/backend/go/internal/v1/session/hub.go:191.43,193.19 2 0
github.com/RoseWrightdev/Video-Conferencing/backend/go/internal/v1/session/hub.go:193.19,194.14 1 0
github.com/RoseWrightdev/Video-Conferencing/backend/go/internal/v1/session/hub.go:197.5,197.83 1 0
github.com/RoseWrightdev/Video-Conferencing/backend/go/internal/v1/session/hub.go:197.83,199.6 1 0
github.com/RoseWrightdev/Video-Conferencing/backend/go/internal/v1/session/hub.go:201.4,201.16 1 0
github.com/RoseWrightdev/Video-Conferencing/backend/go/internal/v1/session/hub.go:204.20,207.5 1 0
github.com/RoseWrightdev/Video-Conferencing/backend/go/internal/v1/session/hub.go:211.2,212.16 2 0
github.com/RoseWrightdev/Video-Conferencing/backend/go/internal/v1/session/hub.go:212.16,215.3 2 0
github.com/RoseWrightdev/Video-Conferencing/backend/go/internal/v1/session/hub.go:218.2,225.23 5 0
github.com/RoseWrightdev/Video-Conferencing/backend/go/internal/v1/session/hub.go:225.23,228.24 2 0
github.com/RoseWrightdev/Video-Conferencing/backend/go/internal/v1/session/hub.go:228.24,230.4 1 0
github.com/RoseWrightdev/Video-Conferencing/backend/go/internal/v1/session/hub.go:230.9,230.32 1 0
github.com/RoseWrightdev/Video-Conferencing/backend/go/internal/v1/session/hub.go:230.32,232.65 1 0
github.com/RoseWrightdev/Video-Conferencing/backend/go/internal/v1/session/hub.go:232.65,234.5 1 0
github.com/RoseWrightdev/Video-Conferencing/backend/go/internal/v1/session/hub.go:238.2,256.38 3 0
github.com/RoseWrightdev/Video-Conferencing/backend/go/internal/v1/session/hub.go:256.38,259.3 2 0
github.com/RoseWrightdev/Video-Conferencing/backend/go/internal/v1/session/hub.go:262.2,268.22 4 0
github.com/RoseWrightdev/Video-Conferencing/backend/go/internal/v1/session/hub.go:275.45,279.68 2 6
github.com/RoseWrightdev/Video-Conferencing/backend/go/internal/v1/session/hub.go:279.68,282.3 2 2
github.com/RoseWrightdev/Video-Conferencing/backend/go/internal/v1/session/hub.go:285.2,285.55 1 6
github.com/RoseWrightdev/Video-Conferencing/backend/go/internal/v1/session/hub.go:285.55,290.125 3 3
github.com/RoseWrightdev/Video-Conferencing/backend/go/internal/v1/session/hub.go:290.125,299.4 5 2
github.com/RoseWrightdev/Video-Conferencing/backend/go/internal/v1/session/hub.go:299.9,302.10 2 1
github.com/RoseWrightdev/Video-Conferencing/backend/go/internal/v1/session/hub.go:302.10,304.5 1 1
github.com/RoseWrightdev/Video-Conferencing/backend/go/internal/v1/session/hub.go:309.2,310.15 2 6
github.com/RoseWrightdev/Video-Conferencing/backend/go/internal/v1/session/hub.go:317.56,321.37 3 15
github.com/RoseWrightdev/Video-Conferencing/backend/go/internal/v1/session/hub.go:321.37,323.83 1 2
github.com/RoseWrightdev/Video-Conferencing/backend/go/internal/v1/session/hub.go:323.83,327.4 3 1
github.com/RoseWrightdev/Video-Conferencing/backend/go/internal/v1/session/hub.go:328.3,328.14 1 2
github.com/RoseWrightdev/Video-Conferencing/backend/go/internal/v1/session/hub.go:331.2,338.13 5 13
github.com/RoseWrightdev/Video-Conferencing/backend/go/internal/v1/session/methods.go:15.68,28.18 8 31
github.com/RoseWrightdev/Video-Conferencing/backend/go/internal/v1/session/methods.go:28.18,32.62 4 31
github.com/RoseWrightdev/Video-Conferencing/backend/go/internal/v1/session/methods.go:32.62,34.4 1 0
github.com/RoseWrightdev/Video-Conferencing/backend/go/internal/v1/session/methods.go:38.71,41.36 3 5
github.com/RoseWrightdev/Video-Conferencing/backend/go/internal/v1/session/methods.go:41.36,44.3 2 2
github.com/RoseWrightdev/Video-Conferencing/backend/go/internal/v1/session/methods.go:46.2,46.18 1 5
github.com/RoseWrightdev/Video-Conferencing/backend/go/internal/v1/session/methods.go:46.18,51.3 4 5
github.com/RoseWrightdev/Video-Conferencing/backend/go/internal/v1/session/methods.go:54.61,67.18 8 26
github.com/RoseWrightdev/Video-Conferencing/backend/go/internal/v1/session/methods.go:67.18,72.3 4 26
github.com/RoseWrightdev/Video-Conferencing/backend/go/internal/v1/session/methods.go:75.64,78.36 3 5
github.com/RoseWrightdev/Video-Conferencing/backend/go/internal/v1/session/methods.go:78.36,81.3 2 5
github.com/RoseWrightdev/Video-Conferencing/backend/go/internal/v1/session/methods.go:83.2,83.18 1 5
github.com/RoseWrightdev/Video-Conferencing/backend/go/internal/v1/session/methods.go:83.18,88.3 4 5
github.com/RoseWrightdev/Video-Conferencing/backend/go/internal/v1/session/methods.go:93.43,105.2 7 20
github.com/RoseWrightdev/Video-Conferencing/backend/go/internal/v1/session/methods.go:107.46,110.36 3 5
github.com/RoseWrightdev/Video-Conferencing/backend/go/internal/v1/session/methods.go:110.36,113.3 2 2
github.com/RoseWrightdev/Video-Conferencing/backend/go/internal/v1/session/methods.go:118.39,119.26 1 86
github.com/RoseWrightdev/Video-Conferencing/backend/go/internal/v1/session/methods.go:119.26,121.3 1 0
github.com/RoseWrightdev/Video-Conferencing/backend/go/internal/v1/session/methods.go:122.2,124.32 2 86
github.com/RoseWrightdev/Video-Conferencing/backend/go/internal/v1/session/methods.go:124.32,125.52 1 86
github.com/RoseWrightdev/Video-Conferencing/backend/go/internal/v1/session/methods.go:125.52,127.4 1 5
github.com/RoseWrightdev/Video-Conferencing/backend/go/internal/v1/session/methods.go:131.44,132.26 1 5
github.com/RoseWrightdev/Video-Conferencing/backend/go/internal/v1/session/methods.go:132.26,134.3 1 0
github.com/RoseWrightdev/Video-Conferencing/backend/go/internal/v1/session/methods.go:137.2,138.57 2 5
github.com/RoseWrightdev/Video-Conferencing/backend/go/internal/v1/session/methods.go:138.57,139.44 1 67
github.com/RoseWrightdev/Video-Conferencing/backend/go/internal/v1/session/methods.go:139.44,141.4 1 67
github.com/RoseWrightdev/Video-Conferencing/backend/go/internal/v1/session/methods.go:145.2,146.27 2 5
github.com/RoseWrightdev/Video-Conferencing/backend/go/internal/v1/session/methods.go:146.27,148.3 1 1
github.com/RoseWrightdev/Video-Conferencing/backend/go/internal/v1/session/methods.go:149.2,149.17 1 4
github.com/RoseWrightdev/Video-Conferencing/backend/go/internal/v1/session/methods.go:152.54,153.26 1 2
github.com/RoseWrightdev/Video-Conferencing/backend/go/internal/v1/session/methods.go:153.26,155.3 1 0
github.com/RoseWrightdev/Video-Conferencing/backend/go/internal/v1/session/methods.go:158.2,158.57 1 2
github.com/RoseWrightdev/Video-Conferencing/backend/go/internal/v1/session/methods.go:158.57,159.44 1 2
github.com/RoseWrightdev/Video-Conferencing/backend/go/internal/v1/session/methods.go:159.44,160.40 1 2
github.com/RoseWrightdev/Video-Conferencing/backend/go/internal/v1/session/methods.go:160.40,163.5 2 2
github.com/RoseWrightdev/Video-Conferencing/backend/go/internal/v1/session/methods.go:170.58,171.13 1 8
github.com/RoseWrightdev/Video-Conferencing/backend/go/internal/v1/session/methods.go:171.13,173.3 1 6
github.com/RoseWrightdev/Video-Conferencing/backend/go/internal/v1/session/methods.go:173.8,175.3 1 2
github.com/RoseWrightdev/Video-Conferencing/backend/go/internal/v1/session/methods.go:178.58,179.13 1 6
github.com/RoseWrightdev/Video-Conferencing/backend/go/internal/v1/session/methods.go:179.13,181.3 1 4
github.com/RoseWrightdev/Video-Conferencing/backend/go/internal/v1/session/methods.go:181.8,183.3 1 2
github.com/RoseWrightdev/Video-Conferencing/backend/go/internal/v1/session/methods.go:186.64,187.13 1 4
github.com/RoseWrightdev/Video-Conferencing/backend/go/internal/v1/session/methods.go:187.13,189.37 2 2
github.com/RoseWrightdev/Video-Conferencing/backend/go/internal/v1/session/methods.go:189.37,191.4 1 1
github.com/RoseWrightdev/Video-Conferencing/backend/go/internal/v1/session/methods.go:192.8,194.3 1 2
github.com/RoseWrightdev/Video-Conferencing/backend/go/internal/v1/session/methods.go:197.55,198.12 1 13
github.com/RoseWrightdev/Video-Conferencing/backend/go/internal/v1/session/methods.go:198.12,200.37 2 10
github.com/RoseWrightdev/Video-Conferencing/backend/go/internal/v1/session/methods.go:200.37,202.4 1 1
github.com/RoseWrightdev/Video-Conferencing/backend/go/internal/v1/session/methods.go:203.8,205.3 1 3
github.com/RoseWrightdev/Video-Conferencing/backend/go/internal/v1/session/methods.go:210.70,222.29 8 3
github.com/RoseWrightdev/Video-Conferencing/backend/go/internal/v1/session/methods.go:222.29,224.3 1 3
github.com/RoseWrightdev/Video-Conferencing/backend/go/internal/v1/session/methods.go:226.2,226.36 1 3
github.com/RoseWrightdev/Video-Conferencing/backend/go/internal/v1/session/methods.go:226.36,229.3 2 0
github.com/RoseWrightdev/Video-Conferencing/backend/go/internal/v1/session/methods.go:234.76,237.77 2 30
github.com/RoseWrightdev/Video-Conferencing/backend/go/internal/v1/session/methods.go:237.77,248.3 2 126
github.com/RoseWrightdev/Video-Conferencing/backend/go/internal/v1/session/methods.go:251.2,252.26 2 30
github.com/RoseWrightdev/Video-Conferencing/backend/go/internal/v1/session/methods.go:252.26,254.3 1 29
github.com/RoseWrightdev/Video-Conferencing/backend/go/internal/v1/session/methods.go:257.2,258.26 2 30
github.com/RoseWrightdev/Video-Conferencing/backend/go/internal/v1/session/methods.go:258.26,260.3 1 4
github.com/RoseWrightdev/Video-Conferencing/backend/go/internal/v1/session/methods.go:263.2,264.30 2 30
github.com/RoseWrightdev/Video-Conferencing/backend/go/internal/v1/session/methods.go:264.30,266.3 1 93
github.com/RoseWrightdev/Video-Conferencing/backend/go/internal/v1/session/methods.go:268.2,271.3 1 30
github.com/RoseWrightdev/Video-Conferencing/backend/go/internal/v1/session/methods.go:274.45,276.28 2 31
github.com/RoseWrightdev/Video-Conferencing/backend/go/internal/v1/session/methods.go:276.28,278.3 1 31
github.com/RoseWrightdev/Video-Conferencing/backend/go/internal/v1/session/methods.go:279.2,279.13 1 31
github.com/RoseWrightdev/Video-Conferencing/backend/go/internal/v1/session/methods.go:282.52,284.35 2 31
github.com/RoseWrightdev/Video-Conferencing/backend/go/internal/v1/session/methods.go:284.35,286.3 1 6
github.com/RoseWrightdev/Video-Conferencing/backend/go/internal/v1/session/methods.go:287.2,287.13 1 31
github.com/RoseWrightdev/Video-Conferencing/backend/go/internal/v1/session/permissions.go:51.47,53.2 1 1
github.com/RoseWrightdev/Video-Conferencing/backend/go/internal/v1/session/permissions.go:76.51,78.2 1 6
github.com/RoseWrightdev/Video-Conferencing/backend/go/internal/v1/session/permissions.go:100.51,102.2 1 4
github.com/RoseWrightdev/Video-Conferencing/backend/go/internal/v1/session/permissions.go:127.44,129.2 1 9
github.com/RoseWrightdev/Video-Conferencing/backend/go/internal/v1/session/permissions.go:157.71,159.2 1 23
github.com/RoseWrightdev/Video-Conferencing/backend/go/internal/v1/session/redis.go:13.35,14.18 1 52
github.com/RoseWrightdev/Video-Conferencing/backend/go/internal/v1/session/redis.go:14.18,17.3 2 0
github.com/RoseWrightdev/Video-Conferencing/backend/go/internal/v1/session/redis.go:19.2,20.69 2 52
github.com/RoseWrightdev/Video-Conferencing/backend/go/internal/v1/session/redis.go:20.69,22.3 1 0
github.com/RoseWrightdev/Video-Conferencing/backend/go/internal/v1/session/redis.go:23.2,23.50 1 52
github.com/RoseWrightdev/Video-Conferencing/backend/go/internal/v1/session/redis.go:26.62,28.31 1 0
github.com/RoseWrightdev/Video-Conferencing/backend/go/internal/v1/session/redis.go:28.31,30.3 1 0
github.com/RoseWrightdev/Video-Conferencing/backend/go/internal/v1/session/redis.go:32.2,40.52 5 0
github.com/RoseWrightdev/Video-Conferencing/backend/go/internal/v1/session/redis.go:40.52,43.3 2 0
github.com/RoseWrightdev/Video-Conferencing/backend/go/internal/v1/session/redis.go:47.2,47.19 1 0
github.com/RoseWrightdev/Video-Conferencing/backend/go/internal/v1/session/redis.go:50.78,51.18 1 35
github.com/RoseWrightdev/Video-Conferencing/backend/go/internal/v1/session/redis.go:51.18,53.3 1 0
github.com/RoseWrightdev/Video-Conferencing/backend/go/internal/v1/session/redis.go:56.2,57.16 2 35
github.com/RoseWrightdev/Video-Conferencing/backend/go/internal/v1/session/redis.go:57.16,60.3 2 0
github.com/RoseWrightdev/Video-Conferencing/backend/go/internal/v1/session/redis.go:64.2,65.16 2 35
github.com/RoseWrightdev/Video-Conferencing/backend/go/internal/v1/session/redis.go:65.16,67.3 1 0
github.com/RoseWrightdev/Video-Conferencing/backend/go/internal/v1/session/room.go:40.118,64.23 2 60
github.com/RoseWrightdev/Video-Conferencing/backend/go/internal/v1/session/room.go:64.23,66.3 1 52
github.com/RoseWrightdev/Video-Conferencing/backend/go/internal/v1/session/room.go:68.2,68.13 1 60
github.com/RoseWrightdev/Video-Conferencing/backend/go/internal/v1/session/room.go:72.35,76.2 1 5
github.com/RoseWrightdev/Video-Conferencing/backend/go/internal/v1/session/room.go:78.52,86.45 4 13
github.com/RoseWrightdev/Video-Conferencing/backend/go/internal/v1/session/room.go:86.45,88.3 1 1
github.com/RoseWrightdev/Video-Conferencing/backend/go/internal/v1/session/room.go:88.8,88.59 1 12
github.com/RoseWrightdev/Video-Conferencing/backend/go/internal/v1/session/room.go:88.59,90.3 1 0
github.com/RoseWrightdev/Video-Conferencing/backend/go/internal/v1/session/room.go:90.8,90.54 1 12
github.com/RoseWrightdev/Video-Conferencing/backend/go/internal/v1/session/room.go:90.54,92.3 1 0
github.com/RoseWrightdev/Video-Conferencing/backend/go/internal/v1/session/room.go:94.2,94.27 1 13
github.com/RoseWrightdev/Video-Conferencing/backend/go/internal/v1/session/room.go:94.27,104.3 2 1
github.com/RoseWrightdev/Video-Conferencing/backend/go/internal/v1/session/room.go:107.2,107.51 1 13
github.com/RoseWrightdev/Video-Conferencing/backend/go/internal/v1/session/room.go:107.51,113.3 5 3
github.com/RoseWrightdev/Video-Conferencing/backend/go/internal/v1/session/room.go:114.2,120.44 3 10
github.com/RoseWrightdev/Video-Conferencing/backend/go/internal/v1/session/room.go:123.55,132.27 7 1
github.com/RoseWrightdev/Video-Conferencing/backend/go/internal/v1/session/room.go:132.27,134.3 1 0
github.com/RoseWrightdev/Video-Conferencing/backend/go/internal/v1/session/room.go:134.8,136.3 1 1
github.com/RoseWrightdev/Video-Conferencing/backend/go/internal/v1/session/room.go:138.2,140.21 2 1
github.com/RoseWrightdev/Video-Conferencing/backend/go/internal/v1/session/room.go:140.21,141.23 1 1
github.com/RoseWrightdev/Video-Conferencing/backend/go/internal/v1/session/room.go:141.23,143.4 1 0
github.com/RoseWrightdev/Video-Conferencing/backend/go/internal/v1/session/room.go:144.3,144.21 1 1
github.com/RoseWrightdev/Video-Conferencing/backend/go/internal/v1/session/room.go:149.86,150.39 1 3
github.com/RoseWrightdev/Video-Conferencing/backend/go/internal/v1/session/room.go:151.33,152.57 1 0
github.com/RoseWrightdev/Video-Conferencing/backend/go/internal/v1/session/room.go:152.57,154.4 1 0
github.com/RoseWrightdev/Video-Conferencing/backend/go/internal/v1/session/room.go:155.35,156.49 1 0
github.com/RoseWrightdev/Video-Conferencing/backend/go/internal/v1/session/room.go:157.33,158.42 1 1
github.com/RoseWrightdev/Video-Conferencing/backend/go/internal/v1/session/room.go:159.40,160.56 1 0
github.com/RoseWrightdev/Video-Conferencing/backend/go/internal/v1/session/room.go:161.40,162.56 1 1
github.com/RoseWrightdev/Video-Conferencing/backend/go/internal/v1/session/room.go:163.39,164.54 1 1
github.com/RoseWrightdev/Video-Conferencing/backend/go/internal/v1/session/room.go:165.40,166.56 1 0
github.com/RoseWrightdev/Video-Conferencing/backend/go/internal/v1/session/room.go:167.43,168.38 1 0
github.com/RoseWrightdev/Video-Conferencing/backend/go/internal/v1/session/room.go:169.39,170.54 1 0
github.com/RoseWrightdev/Video-Conferencing/backend/go/internal/v1/session/room.go:171.57,172.52 1 0
github.com/RoseWrightdev/Video-Conferencing/backend/go/internal/v1/session/room.go:173.10,174.68 1 0
github.com/RoseWrightdev/Video-Conferencing/backend/go/internal/v1/session/room.go:180.54,189.2 2 14
github.com/RoseWrightdev/Video-Conferencing/backend/go/internal/v1/session/room.go:192.52,194.16 2 35
github.com/RoseWrightdev/Video-Conferencing/backend/go/internal/v1/session/room.go:194.16,197.3 2 0
github.com/RoseWrightdev/Video-Conferencing/backend/go/internal/v1/session/room.go:199.2,199.54 1 35
github.com/RoseWrightdev/Video-Conferencing/backend/go/internal/v1/session/room.go:199.54,200.34 1 70
github.com/RoseWrightdev/Video-Conferencing/backend/go/internal/v1/session/room.go:200.34,201.11 1 63
github.com/RoseWrightdev/Video-Conferencing/backend/go/internal/v1/session/room.go:202.29,202.29 0 63
github.com/RoseWrightdev/Video-Conferencing/backend/go/internal/v1/session/room.go:203.12,204.60 1 0
github.com/RoseWrightdev/Video-Conferencing/backend/go/internal/v1/session/room.go:209.2,213.48 3 35
github.com/RoseWrightdev/Video-Conferencing/backend/go/internal/v1/session/room.go:216.56,224.2 3 15
github.com/RoseWrightdev/Video-Conferencing/backend/go/internal/v1/session/sfu.go:12.76,13.18 1 1
github.com/RoseWrightdev/Video-Conferencing/backend/go/internal/v1/session/sfu.go:13.18,15.3 1 1
github.com/RoseWrightdev/Video-Conferencing/backend/go/internal/v1/session/sfu.go:19.2,20.16 2 0
github.com/RoseWrightdev/Video-Conferencing/backend/go/internal/v1/session/sfu.go:20.16,22.3 1 0
github.com/RoseWrightdev/Video-Conferencing/backend/go/internal/v1/session/sfu.go:26.2,52.12 5 0
github.com/RoseWrightdev/Video-Conferencing/backend/go/internal/v1/session/sfu.go:56.95,57.18 1 0
github.com/RoseWrightdev/Video-Conferencing/backend/go/internal/v1/session/sfu.go:57.18,59.3 1 0
github.com/RoseWrightdev/Video-Conferencing/backend/go/internal/v1/session/sfu.go:62.2,63.16 2 0
github.com/RoseWrightdev/Video-Conferencing/backend/go/internal/v1/session/sfu.go:63.16,66.3 2 0
github.com/RoseWrightdev/Video-Conferencing/backend/go/internal/v1/session/types.go:50.40,51.37 1 6
github.com/RoseWrightdev/Video-Conferencing/backend/go/internal/v1/session/types.go:51.37,53.3 1 1
github.com/RoseWrightdev/Video-Conferencing/backend/go/internal/v1/session/types.go:54.2,54.39 1 5
github.com/RoseWrightdev/Video-Conferencing/backend/go/internal/v1/session/types.go:54.39,56.3 1 1
github.com/RoseWrightdev/Video-Conferencing/backend/go/internal/v1/session/types.go:57.2,57.30 1 4
github.com/RoseWrightdev/Video-Conferencing/backend/go/internal/v1/session/types.go:57.30,59.3 1 1
github.com/RoseWrightdev/Video-Conferencing/backend/go/internal/v1/session/types.go:60.2,60.12 1 3
