mode: set
github.com/RoseWrightdev/Video-Conferencing/backend/go/internal/v1/session/admin_helpers.go:12.57,13.53 1 1
github.com/RoseWrightdev/Video-Conferencing/backend/go/internal/v1/session/admin_helpers.go:13.53,15.3 1 1
github.com/RoseWrightdev/Video-Conferencing/backend/go/internal/v1/session/admin_helpers.go:16.2,16.12 1 1
github.com/RoseWrightdev/Video-Conferencing/backend/go/internal/v1/session/admin_helpers.go:20.97,21.41 1 1
github.com/RoseWrightdev/Video-Conferencing/backend/go/internal/v1/session/admin_helpers.go:21.41,23.3 1 1
github.com/RoseWrightdev/Video-Conferencing/backend/go/internal/v1/session/admin_helpers.go:24.2,24.58 1 1
github.com/RoseWrightdev/Video-Conferencing/backend/go/internal/v1/session/admin_helpers.go:28.44,30.2 1 1
github.com/RoseWrightdev/Video-Conferencing/backend/go/internal/v1/session/admin_helpers.go:33.52,35.2 1 1
github.com/RoseWrightdev/Video-Conferencing/backend/go/internal/v1/session/admin_helpers.go:38.44,40.2 1 1
github.com/RoseWrightdev/Video-Conferencing/backend/go/internal/v1/session/admin_helpers.go:43.46,52.2 1 1
github.com/RoseWrightdev/Video-Conferencing/backend/go/internal/v1/session/admin_helpers.go:55.63,65.2 1 1
github.com/RoseWrightdev/Video-Conferencing/backend/go/internal/v1/session/admin_helpers.go:78.54,80.2 1 1
github.com/RoseWrightdev/Video-Conferencing/backend/go/internal/v1/session/chat_helpers.go:13.72,22.2 1 1
github.com/RoseWrightdev/Video-Conferencing/backend/go/internal/v1/session/chat_helpers.go:25.57,27.2 1 1
github.com/RoseWrightdev/Video-Conferencing/backend/go/internal/v1/session/chat_helpers.go:30.54,40.2 1 1
github.com/RoseWrightdev/Video-Conferencing/backend/go/internal/v1/session/client.go:133.37,137.2 3 1
github.com/RoseWrightdev/Video-Conferencing/backend/go/internal/v1/session/client.go:140.41,144.2 3 1
github.com/RoseWrightdev/Video-Conferencing/backend/go/internal/v1/session/client.go:149.29,150.15 1 1
github.com/RoseWrightdev/Video-Conferencing/backend/go/internal/v1/session/client.go:150.15,154.3 3 1
github.com/RoseWrightdev/Video-Conferencing/backend/go/internal/v1/session/client.go:156.2,156.6 1 1
github.com/RoseWrightdev/Video-Conferencing/backend/go/internal/v1/session/client.go:156.6,159.17 2 1
github.com/RoseWrightdev/Video-Conferencing/backend/go/internal/v1/session/client.go:159.17,160.9 1 1
github.com/RoseWrightdev/Video-Conferencing/backend/go/internal/v1/session/client.go:162.3,162.45 1 1
github.com/RoseWrightdev/Video-Conferencing/backend/go/internal/v1/session/client.go:162.45,163.12 1 1
github.com/RoseWrightdev/Video-Conferencing/backend/go/internal/v1/session/client.go:167.3,168.53 2 1
github.com/RoseWrightdev/Video-Conferencing/backend/go/internal/v1/session/client.go:168.53,170.12 2 1
github.com/RoseWrightdev/Video-Conferencing/backend/go/internal/v1/session/client.go:174.3,175.30 2 1
github.com/RoseWrightdev/Video-Conferencing/backend/go/internal/v1/session/client.go:179.30,183.6 3 1
github.com/RoseWrightdev/Video-Conferencing/backend/go/internal/v1/session/client.go:183.6,184.10 1 1
github.com/RoseWrightdev/Video-Conferencing/backend/go/internal/v1/session/client.go:185.40,186.11 1 1
github.com/RoseWrightdev/Video-Conferencing/backend/go/internal/v1/session/client.go:186.11,189.5 2 1
github.com/RoseWrightdev/Video-Conferencing/backend/go/internal/v1/session/client.go:190.4,191.80 2 1
github.com/RoseWrightdev/Video-Conferencing/backend/go/internal/v1/session/client.go:191.80,194.5 2 0
github.com/RoseWrightdev/Video-Conferencing/backend/go/internal/v1/session/client.go:195.32,196.11 1 1
github.com/RoseWrightdev/Video-Conferencing/backend/go/internal/v1/session/client.go:196.11,199.5 2 1
github.com/RoseWrightdev/Video-Conferencing/backend/go/internal/v1/session/client.go:200.4,201.80 2 1
github.com/RoseWrightdev/Video-Conferencing/backend/go/internal/v1/session/client.go:201.80,204.5 2 0
github.com/RoseWrightdev/Video-Conferencing/backend/go/internal/v1/session/client.go:209.54,212.14 2 1
github.com/RoseWrightdev/Video-Conferencing/backend/go/internal/v1/session/client.go:212.14,216.3 3 1
github.com/RoseWrightdev/Video-Conferencing/backend/go/internal/v1/session/client.go:217.2,220.16 3 1
github.com/RoseWrightdev/Video-Conferencing/backend/go/internal/v1/session/client.go:220.16,223.3 2 0
github.com/RoseWrightdev/Video-Conferencing/backend/go/internal/v1/session/client.go:226.2,226.15 1 1
github.com/RoseWrightdev/Video-Conferencing/backend/go/internal/v1/session/client.go:226.15,227.31 1 1
github.com/RoseWrightdev/Video-Conferencing/backend/go/internal/v1/session/client.go:227.31,229.4 1 0
github.com/RoseWrightdev/Video-Conferencing/backend/go/internal/v1/session/client.go:233.2,234.28 2 1
github.com/RoseWrightdev/Video-Conferencing/backend/go/internal/v1/session/client.go:235.129,236.20 1 1
github.com/RoseWrightdev/Video-Conferencing/backend/go/internal/v1/session/client.go:239.2,239.16 1 1
github.com/RoseWrightdev/Video-Conferencing/backend/go/internal/v1/session/client.go:239.16,240.10 1 1
github.com/RoseWrightdev/Video-Conferencing/backend/go/internal/v1/session/client.go:241.31,241.31 0 1
github.com/RoseWrightdev/Video-Conferencing/backend/go/internal/v1/session/client.go:242.11,245.92 1 1
github.com/RoseWrightdev/Video-Conferencing/backend/go/internal/v1/session/client.go:247.8,248.10 1 1
github.com/RoseWrightdev/Video-Conferencing/backend/go/internal/v1/session/client.go:249.23,249.23 0 1
github.com/RoseWrightdev/Video-Conferencing/backend/go/internal/v1/session/client.go:250.11,251.69 1 1
github.com/RoseWrightdev/Video-Conferencing/backend/go/internal/v1/session/handlers.go:10.99,14.18 3 1
github.com/RoseWrightdev/Video-Conferencing/backend/go/internal/v1/session/handlers.go:15.15,16.39 1 1
github.com/RoseWrightdev/Video-Conferencing/backend/go/internal/v1/session/handlers.go:17.15,18.39 1 1
github.com/RoseWrightdev/Video-Conferencing/backend/go/internal/v1/session/handlers.go:22.2,31.24 2 1
github.com/RoseWrightdev/Video-Conferencing/backend/go/internal/v1/session/handlers.go:34.97,50.2 5 1
github.com/RoseWrightdev/Video-Conferencing/backend/go/internal/v1/session/handlers.go:52.89,57.37 2 1
github.com/RoseWrightdev/Video-Conferencing/backend/go/internal/v1/session/handlers.go:57.37,59.3 1 1
github.com/RoseWrightdev/Video-Conferencing/backend/go/internal/v1/session/handlers.go:62.2,68.21 2 1
github.com/RoseWrightdev/Video-Conferencing/backend/go/internal/v1/session/handlers.go:68.22,70.3 0 1
github.com/RoseWrightdev/Video-Conferencing/backend/go/internal/v1/session/handlers.go:70.8,72.3 1 1
github.com/RoseWrightdev/Video-Conferencing/backend/go/internal/v1/session/handlers.go:75.99,90.2 5 1
github.com/RoseWrightdev/Video-Conferencing/backend/go/internal/v1/session/handlers.go:92.74,99.36 5 1
github.com/RoseWrightdev/Video-Conferencing/backend/go/internal/v1/session/handlers.go:99.36,107.3 1 1
github.com/RoseWrightdev/Video-Conferencing/backend/go/internal/v1/session/handlers.go:109.2,115.4 1 1
github.com/RoseWrightdev/Video-Conferencing/backend/go/internal/v1/session/handlers.go:119.97,125.61 3 1
github.com/RoseWrightdev/Video-Conferencing/backend/go/internal/v1/session/handlers.go:125.61,127.3 1 1
github.com/RoseWrightdev/Video-Conferencing/backend/go/internal/v1/session/handlers.go:130.2,139.4 2 1
github.com/RoseWrightdev/Video-Conferencing/backend/go/internal/v1/session/handlers.go:143.88,159.30 4 1
github.com/RoseWrightdev/Video-Conferencing/backend/go/internal/v1/session/handlers.go:159.30,160.29 1 1
github.com/RoseWrightdev/Video-Conferencing/backend/go/internal/v1/session/handlers.go:160.29,162.4 1 1
github.com/RoseWrightdev/Video-Conferencing/backend/go/internal/v1/session/handlers.go:168.104,170.61 1 1
github.com/RoseWrightdev/Video-Conferencing/backend/go/internal/v1/session/handlers.go:170.61,173.3 2 1
github.com/RoseWrightdev/Video-Conferencing/backend/go/internal/v1/session/handlers.go:175.2,183.45 6 1
github.com/RoseWrightdev/Video-Conferencing/backend/go/internal/v1/session/handlers.go:183.45,186.3 1 0
github.com/RoseWrightdev/Video-Conferencing/backend/go/internal/v1/session/handlers.go:189.2,189.16 1 1
github.com/RoseWrightdev/Video-Conferencing/backend/go/internal/v1/session/handlers.go:190.23,191.31 1 1
github.com/RoseWrightdev/Video-Conferencing/backend/go/internal/v1/session/handlers.go:191.31,194.4 2 1
github.com/RoseWrightdev/Video-Conferencing/backend/go/internal/v1/session/handlers.go:196.26,197.39 1 1
github.com/RoseWrightdev/Video-Conferencing/backend/go/internal/v1/session/handlers.go:197.39,203.4 5 1
github.com/RoseWrightdev/Video-Conferencing/backend/go/internal/v1/session/handlers.go:205.23,206.31 1 1
github.com/RoseWrightdev/Video-Conferencing/backend/go/internal/v1/session/handlers.go:206.31,209.4 2 1
github.com/RoseWrightdev/Video-Conferencing/backend/go/internal/v1/session/handlers.go:211.25,212.31 1 1
github.com/RoseWrightdev/Video-Conferencing/backend/go/internal/v1/session/handlers.go:212.31,215.4 2 1
github.com/RoseWrightdev/Video-Conferencing/backend/go/internal/v1/session/hub.go:115.40,116.39 1 1
github.com/RoseWrightdev/Video-Conferencing/backend/go/internal/v1/session/hub.go:116.39,119.3 2 1
github.com/RoseWrightdev/Video-Conferencing/backend/go/internal/v1/session/hub.go:121.2,122.19 2 0
github.com/RoseWrightdev/Video-Conferencing/backend/go/internal/v1/session/hub.go:122.19,124.3 1 0
github.com/RoseWrightdev/Video-Conferencing/backend/go/internal/v1/session/hub.go:126.2,128.16 3 0
github.com/RoseWrightdev/Video-Conferencing/backend/go/internal/v1/session/hub.go:128.16,130.13 2 0
github.com/RoseWrightdev/Video-Conferencing/backend/go/internal/v1/session/hub.go:132.2,133.18 2 0
github.com/RoseWrightdev/Video-Conferencing/backend/go/internal/v1/session/hub.go:137.74,139.2 1 1
github.com/RoseWrightdev/Video-Conferencing/backend/go/internal/v1/session/hub.go:143.98,153.2 1 1
github.com/RoseWrightdev/Video-Conferencing/backend/go/internal/v1/session/hub.go:166.39,171.16 3 1
github.com/RoseWrightdev/Video-Conferencing/backend/go/internal/v1/session/hub.go:171.16,174.3 2 1
github.com/RoseWrightdev/Video-Conferencing/backend/go/internal/v1/session/hub.go:176.2,177.16 2 1
github.com/RoseWrightdev/Video-Conferencing/backend/go/internal/v1/session/hub.go:177.16,180.3 2 0
github.com/RoseWrightdev/Video-Conferencing/backend/go/internal/v1/session/hub.go:182.2,183.66 2 1
github.com/RoseWrightdev/Video-Conferencing/backend/go/internal/v1/session/hub.go:183.66,186.3 2 1
github.com/RoseWrightdev/Video-Conferencing/backend/go/internal/v1/session/hub.go:189.2,190.16 2 0
github.com/RoseWrightdev/Video-Conferencing/backend/go/internal/v1/session/hub.go:190.16,192.3 1 0
github.com/RoseWrightdev/Video-Conferencing/backend/go/internal/v1/session/hub.go:195.2,195.37 1 0
github.com/RoseWrightdev/Video-Conferencing/backend/go/internal/v1/session/hub.go:200.94,222.2 7 1
github.com/RoseWrightdev/Video-Conferencing/backend/go/internal/v1/session/hub.go:228.45,232.68 2 1
github.com/RoseWrightdev/Video-Conferencing/backend/go/internal/v1/session/hub.go:232.68,235.3 2 1
github.com/RoseWrightdev/Video-Conferencing/backend/go/internal/v1/session/hub.go:238.2,238.55 1 1
github.com/RoseWrightdev/Video-Conferencing/backend/go/internal/v1/session/hub.go:238.55,243.60 3 1
github.com/RoseWrightdev/Video-Conferencing/backend/go/internal/v1/session/hub.go:243.60,252.4 5 1
github.com/RoseWrightdev/Video-Conferencing/backend/go/internal/v1/session/hub.go:252.9,255.10 2 1
github.com/RoseWrightdev/Video-Conferencing/backend/go/internal/v1/session/hub.go:255.10,257.5 1 1
github.com/RoseWrightdev/Video-Conferencing/backend/go/internal/v1/session/hub.go:262.2,263.15 2 1
github.com/RoseWrightdev/Video-Conferencing/backend/go/internal/v1/session/hub.go:270.56,274.37 3 1
github.com/RoseWrightdev/Video-Conferencing/backend/go/internal/v1/session/hub.go:274.37,276.83 1 1
github.com/RoseWrightdev/Video-Conferencing/backend/go/internal/v1/session/hub.go:276.83,280.4 3 1
github.com/RoseWrightdev/Video-Conferencing/backend/go/internal/v1/session/hub.go:281.3,281.14 1 1
github.com/RoseWrightdev/Video-Conferencing/backend/go/internal/v1/session/hub.go:284.2,291.13 5 1
github.com/RoseWrightdev/Video-Conferencing/backend/go/internal/v1/session/hub_helpers.go:28.76,33.21 3 1
github.com/RoseWrightdev/Video-Conferencing/backend/go/internal/v1/session/hub_helpers.go:33.21,35.27 2 1
github.com/RoseWrightdev/Video-Conferencing/backend/go/internal/v1/session/hub_helpers.go:35.27,37.27 2 1
github.com/RoseWrightdev/Video-Conferencing/backend/go/internal/v1/session/hub_helpers.go:37.27,39.13 2 1
github.com/RoseWrightdev/Video-Conferencing/backend/go/internal/v1/session/hub_helpers.go:42.4,42.15 1 1
github.com/RoseWrightdev/Video-Conferencing/backend/go/internal/v1/session/hub_helpers.go:42.15,45.19 2 1
github.com/RoseWrightdev/Video-Conferencing/backend/go/internal/v1/session/hub_helpers.go:45.19,49.6 3 1
github.com/RoseWrightdev/Video-Conferencing/backend/go/internal/v1/session/hub_helpers.go:55.2,55.24 1 1
github.com/RoseWrightdev/Video-Conferencing/backend/go/internal/v1/session/hub_helpers.go:55.24,58.25 3 1
github.com/RoseWrightdev/Video-Conferencing/backend/go/internal/v1/session/hub_helpers.go:58.25,60.4 1 1
github.com/RoseWrightdev/Video-Conferencing/backend/go/internal/v1/session/hub_helpers.go:63.2,63.24 1 1
github.com/RoseWrightdev/Video-Conferencing/backend/go/internal/v1/session/hub_helpers.go:63.24,66.3 2 1
github.com/RoseWrightdev/Video-Conferencing/backend/go/internal/v1/session/hub_helpers.go:68.2,68.20 1 1
github.com/RoseWrightdev/Video-Conferencing/backend/go/internal/v1/session/hub_helpers.go:73.69,75.18 2 1
github.com/RoseWrightdev/Video-Conferencing/backend/go/internal/v1/session/hub_helpers.go:75.18,78.3 2 1
github.com/RoseWrightdev/Video-Conferencing/backend/go/internal/v1/session/hub_helpers.go:80.2,81.16 2 1
github.com/RoseWrightdev/Video-Conferencing/backend/go/internal/v1/session/hub_helpers.go:81.16,84.3 2 1
github.com/RoseWrightdev/Video-Conferencing/backend/go/internal/v1/session/hub_helpers.go:86.2,86.41 1 1
github.com/RoseWrightdev/Video-Conferencing/backend/go/internal/v1/session/hub_helpers.go:86.41,88.17 2 1
github.com/RoseWrightdev/Video-Conferencing/backend/go/internal/v1/session/hub_helpers.go:88.17,89.12 1 0
github.com/RoseWrightdev/Video-Conferencing/backend/go/internal/v1/session/hub_helpers.go:92.3,92.81 1 1
github.com/RoseWrightdev/Video-Conferencing/backend/go/internal/v1/session/hub_helpers.go:92.81,95.4 2 1
github.com/RoseWrightdev/Video-Conferencing/backend/go/internal/v1/session/hub_helpers.go:98.2,99.53 2 1
github.com/RoseWrightdev/Video-Conferencing/backend/go/internal/v1/session/hub_helpers.go:103.95,105.16 2 1
github.com/RoseWrightdev/Video-Conferencing/backend/go/internal/v1/session/hub_helpers.go:105.16,108.3 2 1
github.com/RoseWrightdev/Video-Conferencing/backend/go/internal/v1/session/hub_helpers.go:109.2,110.20 2 1
github.com/RoseWrightdev/Video-Conferencing/backend/go/internal/v1/session/hub_helpers.go:125.81,130.23 3 1
github.com/RoseWrightdev/Video-Conferencing/backend/go/internal/v1/session/hub_helpers.go:130.23,133.31 2 1
github.com/RoseWrightdev/Video-Conferencing/backend/go/internal/v1/session/hub_helpers.go:133.31,135.4 1 1
github.com/RoseWrightdev/Video-Conferencing/backend/go/internal/v1/session/hub_helpers.go:135.9,135.39 1 1
github.com/RoseWrightdev/Video-Conferencing/backend/go/internal/v1/session/hub_helpers.go:135.39,137.72 1 1
github.com/RoseWrightdev/Video-Conferencing/backend/go/internal/v1/session/hub_helpers.go:137.72,139.5 1 1
github.com/RoseWrightdev/Video-Conferencing/backend/go/internal/v1/session/hub_helpers.go:143.2,157.45 2 1
github.com/RoseWrightdev/Video-Conferencing/backend/go/internal/v1/session/hub_helpers.go:157.45,160.3 2 1
github.com/RoseWrightdev/Video-Conferencing/backend/go/internal/v1/session/hub_helpers.go:162.2,168.21 2 1
github.com/RoseWrightdev/Video-Conferencing/backend/go/internal/v1/session/hub_helpers.go:173.131,175.43 1 0
github.com/RoseWrightdev/Video-Conferencing/backend/go/internal/v1/session/hub_helpers.go:175.43,178.4 1 0
github.com/RoseWrightdev/Video-Conferencing/backend/go/internal/v1/session/hub_helpers.go:180.20,182.5 1 0
github.com/RoseWrightdev/Video-Conferencing/backend/go/internal/v1/session/hub_helpers.go:187.2,188.28 2 0
github.com/RoseWrightdev/Video-Conferencing/backend/go/internal/v1/session/hub_helpers.go:188.28,189.41 1 0
github.com/RoseWrightdev/Video-Conferencing/backend/go/internal/v1/session/hub_helpers.go:189.41,191.4 1 0
github.com/RoseWrightdev/Video-Conferencing/backend/go/internal/v1/session/hub_helpers.go:191.9,193.4 1 0
github.com/RoseWrightdev/Video-Conferencing/backend/go/internal/v1/session/hub_helpers.go:197.2,198.16 2 0
github.com/RoseWrightdev/Video-Conferencing/backend/go/internal/v1/session/hub_helpers.go:198.16,201.3 2 0
github.com/RoseWrightdev/Video-Conferencing/backend/go/internal/v1/session/hub_helpers.go:203.2,203.18 1 0
github.com/RoseWrightdev/Video-Conferencing/backend/go/internal/v1/session/methods.go:13.74,21.18 6 1
github.com/RoseWrightdev/Video-Conferencing/backend/go/internal/v1/session/methods.go:21.18,25.62 4 1
github.com/RoseWrightdev/Video-Conferencing/backend/go/internal/v1/session/methods.go:25.62,27.4 1 1
github.com/RoseWrightdev/Video-Conferencing/backend/go/internal/v1/session/methods.go:31.68,35.2 3 1
github.com/RoseWrightdev/Video-Conferencing/backend/go/internal/v1/session/methods.go:37.77,40.36 2 1
github.com/RoseWrightdev/Video-Conferencing/backend/go/internal/v1/session/methods.go:40.36,43.3 2 1
github.com/RoseWrightdev/Video-Conferencing/backend/go/internal/v1/session/methods.go:45.2,45.18 1 1
github.com/RoseWrightdev/Video-Conferencing/backend/go/internal/v1/session/methods.go:45.18,50.3 4 1
github.com/RoseWrightdev/Video-Conferencing/backend/go/internal/v1/session/methods.go:53.71,57.2 3 1
github.com/RoseWrightdev/Video-Conferencing/backend/go/internal/v1/session/methods.go:59.67,67.18 6 1
github.com/RoseWrightdev/Video-Conferencing/backend/go/internal/v1/session/methods.go:67.18,72.3 4 1
github.com/RoseWrightdev/Video-Conferencing/backend/go/internal/v1/session/methods.go:75.61,79.2 3 1
github.com/RoseWrightdev/Video-Conferencing/backend/go/internal/v1/session/methods.go:81.70,84.36 2 1
github.com/RoseWrightdev/Video-Conferencing/backend/go/internal/v1/session/methods.go:84.36,87.3 2 1
github.com/RoseWrightdev/Video-Conferencing/backend/go/internal/v1/session/methods.go:89.2,89.18 1 1
github.com/RoseWrightdev/Video-Conferencing/backend/go/internal/v1/session/methods.go:89.18,94.3 4 1
github.com/RoseWrightdev/Video-Conferencing/backend/go/internal/v1/session/methods.go:97.64,101.2 3 1
github.com/RoseWrightdev/Video-Conferencing/backend/go/internal/v1/session/methods.go:105.49,112.2 5 1
github.com/RoseWrightdev/Video-Conferencing/backend/go/internal/v1/session/methods.go:114.43,118.2 3 1
github.com/RoseWrightdev/Video-Conferencing/backend/go/internal/v1/session/methods.go:120.52,123.36 2 1
github.com/RoseWrightdev/Video-Conferencing/backend/go/internal/v1/session/methods.go:123.36,126.3 2 1
github.com/RoseWrightdev/Video-Conferencing/backend/go/internal/v1/session/methods.go:129.46,133.2 3 1
github.com/RoseWrightdev/Video-Conferencing/backend/go/internal/v1/session/methods.go:137.39,141.26 3 1
github.com/RoseWrightdev/Video-Conferencing/backend/go/internal/v1/session/methods.go:141.26,143.3 1 1
github.com/RoseWrightdev/Video-Conferencing/backend/go/internal/v1/session/methods.go:144.2,146.32 2 1
github.com/RoseWrightdev/Video-Conferencing/backend/go/internal/v1/session/methods.go:146.32,147.52 1 1
github.com/RoseWrightdev/Video-Conferencing/backend/go/internal/v1/session/methods.go:147.52,149.4 1 1
github.com/RoseWrightdev/Video-Conferencing/backend/go/internal/v1/session/methods.go:153.50,154.26 1 1
github.com/RoseWrightdev/Video-Conferencing/backend/go/internal/v1/session/methods.go:154.26,156.3 1 1
github.com/RoseWrightdev/Video-Conferencing/backend/go/internal/v1/session/methods.go:159.2,160.57 2 1
github.com/RoseWrightdev/Video-Conferencing/backend/go/internal/v1/session/methods.go:160.57,161.44 1 1
github.com/RoseWrightdev/Video-Conferencing/backend/go/internal/v1/session/methods.go:161.44,163.4 1 1
github.com/RoseWrightdev/Video-Conferencing/backend/go/internal/v1/session/methods.go:167.2,168.27 2 1
github.com/RoseWrightdev/Video-Conferencing/backend/go/internal/v1/session/methods.go:168.27,170.3 1 1
github.com/RoseWrightdev/Video-Conferencing/backend/go/internal/v1/session/methods.go:171.2,171.17 1 1
github.com/RoseWrightdev/Video-Conferencing/backend/go/internal/v1/session/methods.go:174.44,178.2 3 1
github.com/RoseWrightdev/Video-Conferencing/backend/go/internal/v1/session/methods.go:180.60,181.26 1 1
github.com/RoseWrightdev/Video-Conferencing/backend/go/internal/v1/session/methods.go:181.26,183.3 1 1
github.com/RoseWrightdev/Video-Conferencing/backend/go/internal/v1/session/methods.go:186.2,186.57 1 1
github.com/RoseWrightdev/Video-Conferencing/backend/go/internal/v1/session/methods.go:186.57,187.44 1 1
github.com/RoseWrightdev/Video-Conferencing/backend/go/internal/v1/session/methods.go:187.44,188.40 1 1
github.com/RoseWrightdev/Video-Conferencing/backend/go/internal/v1/session/methods.go:188.40,191.5 2 1
github.com/RoseWrightdev/Video-Conferencing/backend/go/internal/v1/session/methods.go:196.54,200.2 3 1
github.com/RoseWrightdev/Video-Conferencing/backend/go/internal/v1/session/methods.go:204.58,208.2 3 1
github.com/RoseWrightdev/Video-Conferencing/backend/go/internal/v1/session/methods.go:210.58,214.2 3 1
github.com/RoseWrightdev/Video-Conferencing/backend/go/internal/v1/session/methods.go:216.64,221.13 4 1
github.com/RoseWrightdev/Video-Conferencing/backend/go/internal/v1/session/methods.go:221.13,222.37 1 1
github.com/RoseWrightdev/Video-Conferencing/backend/go/internal/v1/session/methods.go:222.37,224.4 1 1
github.com/RoseWrightdev/Video-Conferencing/backend/go/internal/v1/session/methods.go:225.9,231.3 0 1
github.com/RoseWrightdev/Video-Conferencing/backend/go/internal/v1/session/methods.go:234.55,239.12 4 1
github.com/RoseWrightdev/Video-Conferencing/backend/go/internal/v1/session/methods.go:239.12,240.37 1 1
github.com/RoseWrightdev/Video-Conferencing/backend/go/internal/v1/session/methods.go:240.37,242.4 1 1
github.com/RoseWrightdev/Video-Conferencing/backend/go/internal/v1/session/methods.go:243.9,245.3 0 1
github.com/RoseWrightdev/Video-Conferencing/backend/go/internal/v1/session/methods.go:250.76,252.18 1 1
github.com/RoseWrightdev/Video-Conferencing/backend/go/internal/v1/session/methods.go:252.18,253.83 1 1
github.com/RoseWrightdev/Video-Conferencing/backend/go/internal/v1/session/methods.go:253.83,255.4 1 1
github.com/RoseWrightdev/Video-Conferencing/backend/go/internal/v1/session/methods.go:258.2,271.29 8 1
github.com/RoseWrightdev/Video-Conferencing/backend/go/internal/v1/session/methods.go:271.29,274.3 2 1
github.com/RoseWrightdev/Video-Conferencing/backend/go/internal/v1/session/methods.go:276.2,276.36 1 1
github.com/RoseWrightdev/Video-Conferencing/backend/go/internal/v1/session/methods.go:276.36,279.3 2 0
github.com/RoseWrightdev/Video-Conferencing/backend/go/internal/v1/session/methods.go:282.70,286.2 3 1
github.com/RoseWrightdev/Video-Conferencing/backend/go/internal/v1/session/permissions.go:51.47,53.2 1 1
github.com/RoseWrightdev/Video-Conferencing/backend/go/internal/v1/session/permissions.go:76.51,78.2 1 1
github.com/RoseWrightdev/Video-Conferencing/backend/go/internal/v1/session/permissions.go:100.51,102.2 1 1
github.com/RoseWrightdev/Video-Conferencing/backend/go/internal/v1/session/permissions.go:127.44,129.2 1 1
github.com/RoseWrightdev/Video-Conferencing/backend/go/internal/v1/session/permissions.go:157.71,159.2 1 1
github.com/RoseWrightdev/Video-Conferencing/backend/go/internal/v1/session/redis.go:13.35,14.18 1 1
github.com/RoseWrightdev/Video-Conferencing/backend/go/internal/v1/session/redis.go:14.18,17.3 2 1
github.com/RoseWrightdev/Video-Conferencing/backend/go/internal/v1/session/redis.go:19.2,20.69 2 1
github.com/RoseWrightdev/Video-Conferencing/backend/go/internal/v1/session/redis.go:20.69,22.3 1 0
github.com/RoseWrightdev/Video-Conferencing/backend/go/internal/v1/session/redis.go:23.2,23.50 1 1
github.com/RoseWrightdev/Video-Conferencing/backend/go/internal/v1/session/redis.go:26.62,28.31 1 1
github.com/RoseWrightdev/Video-Conferencing/backend/go/internal/v1/session/redis.go:28.31,30.3 1 1
github.com/RoseWrightdev/Video-Conferencing/backend/go/internal/v1/session/redis.go:32.2,40.52 5 1
github.com/RoseWrightdev/Video-Conferencing/backend/go/internal/v1/session/redis.go:40.52,43.3 2 1
github.com/RoseWrightdev/Video-Conferencing/backend/go/internal/v1/session/redis.go:47.2,47.25 1 1
github.com/RoseWrightdev/Video-Conferencing/backend/go/internal/v1/session/redis.go:50.78,51.18 1 1
github.com/RoseWrightdev/Video-Conferencing/backend/go/internal/v1/session/redis.go:51.18,53.3 1 1
github.com/RoseWrightdev/Video-Conferencing/backend/go/internal/v1/session/redis.go:56.2,57.16 2 1
github.com/RoseWrightdev/Video-Conferencing/backend/go/internal/v1/session/redis.go:57.16,60.3 2 0
github.com/RoseWrightdev/Video-Conferencing/backend/go/internal/v1/session/redis.go:64.2,65.16 2 1
github.com/RoseWrightdev/Video-Conferencing/backend/go/internal/v1/session/redis.go:65.16,67.3 1 1
github.com/RoseWrightdev/Video-Conferencing/backend/go/internal/v1/session/room.go:41.115,58.23 2 1
github.com/RoseWrightdev/Video-Conferencing/backend/go/internal/v1/session/room.go:58.23,60.3 1 1
github.com/RoseWrightdev/Video-Conferencing/backend/go/internal/v1/session/room.go:62.2,62.13 1 1
github.com/RoseWrightdev/Video-Conferencing/backend/go/internal/v1/session/room.go:65.76,70.51 3 1
github.com/RoseWrightdev/Video-Conferencing/backend/go/internal/v1/session/room.go:70.51,80.3 1 1
github.com/RoseWrightdev/Video-Conferencing/backend/go/internal/v1/session/room.go:83.2,83.30 1 1
github.com/RoseWrightdev/Video-Conferencing/backend/go/internal/v1/session/room.go:83.30,84.17 1 1
github.com/RoseWrightdev/Video-Conferencing/backend/go/internal/v1/session/room.go:85.42,86.57 1 1
github.com/RoseWrightdev/Video-Conferencing/backend/go/internal/v1/session/room.go:87.24,88.57 1 1
github.com/RoseWrightdev/Video-Conferencing/backend/go/internal/v1/session/room.go:92.2,95.3 1 1
github.com/RoseWrightdev/Video-Conferencing/backend/go/internal/v1/session/room.go:100.41,103.30 1 1
github.com/RoseWrightdev/Video-Conferencing/backend/go/internal/v1/session/room.go:103.30,104.62 1 1
github.com/RoseWrightdev/Video-Conferencing/backend/go/internal/v1/session/room.go:104.62,106.4 1 1
github.com/RoseWrightdev/Video-Conferencing/backend/go/internal/v1/session/room.go:108.2,108.13 1 1
github.com/RoseWrightdev/Video-Conferencing/backend/go/internal/v1/session/room.go:112.35,116.2 3 1
github.com/RoseWrightdev/Video-Conferencing/backend/go/internal/v1/session/room.go:118.52,128.47 5 1
github.com/RoseWrightdev/Video-Conferencing/backend/go/internal/v1/session/room.go:128.47,131.3 2 1
github.com/RoseWrightdev/Video-Conferencing/backend/go/internal/v1/session/room.go:133.2,133.27 1 1
github.com/RoseWrightdev/Video-Conferencing/backend/go/internal/v1/session/room.go:133.27,140.19 2 1
github.com/RoseWrightdev/Video-Conferencing/backend/go/internal/v1/session/room.go:140.19,141.101 1 1
github.com/RoseWrightdev/Video-Conferencing/backend/go/internal/v1/session/room.go:141.101,143.5 1 1
github.com/RoseWrightdev/Video-Conferencing/backend/go/internal/v1/session/room.go:147.3,147.38 1 1
github.com/RoseWrightdev/Video-Conferencing/backend/go/internal/v1/session/room.go:147.38,150.4 2 1
github.com/RoseWrightdev/Video-Conferencing/backend/go/internal/v1/session/room.go:153.3,153.65 1 1
github.com/RoseWrightdev/Video-Conferencing/backend/go/internal/v1/session/room.go:158.2,158.21 1 1
github.com/RoseWrightdev/Video-Conferencing/backend/go/internal/v1/session/room.go:158.21,161.3 2 1
github.com/RoseWrightdev/Video-Conferencing/backend/go/internal/v1/session/room.go:165.2,165.28 1 1
github.com/RoseWrightdev/Video-Conferencing/backend/go/internal/v1/session/room.go:165.28,171.3 5 1
github.com/RoseWrightdev/Video-Conferencing/backend/go/internal/v1/session/room.go:175.2,175.38 1 1
github.com/RoseWrightdev/Video-Conferencing/backend/go/internal/v1/session/room.go:175.38,177.24 2 1
github.com/RoseWrightdev/Video-Conferencing/backend/go/internal/v1/session/room.go:178.21,180.49 1 0
github.com/RoseWrightdev/Video-Conferencing/backend/go/internal/v1/session/room.go:181.28,182.56 1 1
github.com/RoseWrightdev/Video-Conferencing/backend/go/internal/v1/session/room.go:183.24,184.30 1 1
github.com/RoseWrightdev/Video-Conferencing/backend/go/internal/v1/session/room.go:186.3,188.9 3 1
github.com/RoseWrightdev/Video-Conferencing/backend/go/internal/v1/session/room.go:193.2,199.50 3 1
github.com/RoseWrightdev/Video-Conferencing/backend/go/internal/v1/session/room.go:202.55,211.30 7 1
github.com/RoseWrightdev/Video-Conferencing/backend/go/internal/v1/session/room.go:211.30,212.62 1 1
github.com/RoseWrightdev/Video-Conferencing/backend/go/internal/v1/session/room.go:212.62,214.4 1 1
github.com/RoseWrightdev/Video-Conferencing/backend/go/internal/v1/session/room.go:217.2,217.27 1 1
github.com/RoseWrightdev/Video-Conferencing/backend/go/internal/v1/session/room.go:217.27,219.3 1 1
github.com/RoseWrightdev/Video-Conferencing/backend/go/internal/v1/session/room.go:219.8,221.3 1 1
github.com/RoseWrightdev/Video-Conferencing/backend/go/internal/v1/session/room.go:223.2,225.27 2 1
github.com/RoseWrightdev/Video-Conferencing/backend/go/internal/v1/session/room.go:225.27,226.23 1 1
github.com/RoseWrightdev/Video-Conferencing/backend/go/internal/v1/session/room.go:226.23,228.4 1 1
github.com/RoseWrightdev/Video-Conferencing/backend/go/internal/v1/session/room.go:229.3,229.21 1 1
github.com/RoseWrightdev/Video-Conferencing/backend/go/internal/v1/session/room.go:234.86,235.34 1 1
github.com/RoseWrightdev/Video-Conferencing/backend/go/internal/v1/session/room.go:235.34,238.3 2 1
github.com/RoseWrightdev/Video-Conferencing/backend/go/internal/v1/session/room.go:240.2,240.39 1 1
github.com/RoseWrightdev/Video-Conferencing/backend/go/internal/v1/session/room.go:241.33,244.32 2 1
github.com/RoseWrightdev/Video-Conferencing/backend/go/internal/v1/session/room.go:244.32,247.4 2 1
github.com/RoseWrightdev/Video-Conferencing/backend/go/internal/v1/session/room.go:249.3,249.57 1 1
github.com/RoseWrightdev/Video-Conferencing/backend/go/internal/v1/session/room.go:249.57,251.4 1 0
github.com/RoseWrightdev/Video-Conferencing/backend/go/internal/v1/session/room.go:252.35,253.49 1 1
github.com/RoseWrightdev/Video-Conferencing/backend/go/internal/v1/session/room.go:254.33,255.42 1 1
github.com/RoseWrightdev/Video-Conferencing/backend/go/internal/v1/session/room.go:256.40,257.56 1 1
github.com/RoseWrightdev/Video-Conferencing/backend/go/internal/v1/session/room.go:258.40,259.56 1 1
github.com/RoseWrightdev/Video-Conferencing/backend/go/internal/v1/session/room.go:260.39,261.54 1 1
github.com/RoseWrightdev/Video-Conferencing/backend/go/internal/v1/session/room.go:262.40,263.56 1 1
github.com/RoseWrightdev/Video-Conferencing/backend/go/internal/v1/session/room.go:264.43,265.38 1 1
github.com/RoseWrightdev/Video-Conferencing/backend/go/internal/v1/session/room.go:266.39,267.54 1 1
github.com/RoseWrightdev/Video-Conferencing/backend/go/internal/v1/session/room.go:268.57,269.52 1 1
github.com/RoseWrightdev/Video-Conferencing/backend/go/internal/v1/session/room.go:270.10,271.68 1 1
github.com/RoseWrightdev/Video-Conferencing/backend/go/internal/v1/session/room.go:277.54,286.2 2 1
github.com/RoseWrightdev/Video-Conferencing/backend/go/internal/v1/session/room.go:288.58,292.35 2 1
github.com/RoseWrightdev/Video-Conferencing/backend/go/internal/v1/session/room.go:292.35,293.37 1 1
github.com/RoseWrightdev/Video-Conferencing/backend/go/internal/v1/session/room.go:293.37,295.4 1 1
github.com/RoseWrightdev/Video-Conferencing/backend/go/internal/v1/session/room.go:298.2,298.33 1 1
github.com/RoseWrightdev/Video-Conferencing/backend/go/internal/v1/session/room.go:298.33,300.3 1 1
github.com/RoseWrightdev/Video-Conferencing/backend/go/internal/v1/session/room.go:303.2,303.48 1 1
github.com/RoseWrightdev/Video-Conferencing/backend/go/internal/v1/session/room.go:307.52,311.2 3 1
github.com/RoseWrightdev/Video-Conferencing/backend/go/internal/v1/session/room.go:313.62,319.30 3 1
github.com/RoseWrightdev/Video-Conferencing/backend/go/internal/v1/session/room.go:319.30,320.32 1 1
github.com/RoseWrightdev/Video-Conferencing/backend/go/internal/v1/session/room.go:320.32,322.4 1 1
github.com/RoseWrightdev/Video-Conferencing/backend/go/internal/v1/session/room.go:325.2,334.36 3 1
github.com/RoseWrightdev/Video-Conferencing/backend/go/internal/v1/session/room.go:334.36,336.3 1 1
github.com/RoseWrightdev/Video-Conferencing/backend/go/internal/v1/session/room.go:339.56,343.2 3 1
github.com/RoseWrightdev/Video-Conferencing/backend/go/internal/v1/session/room_helpers.go:10.44,13.2 1 1
github.com/RoseWrightdev/Video-Conferencing/backend/go/internal/v1/session/room_helpers.go:16.60,18.2 1 1
github.com/RoseWrightdev/Video-Conferencing/backend/go/internal/v1/session/sfu.go:12.76,13.18 1 1
github.com/RoseWrightdev/Video-Conferencing/backend/go/internal/v1/session/sfu.go:13.18,15.3 1 1
github.com/RoseWrightdev/Video-Conferencing/backend/go/internal/v1/session/sfu.go:19.2,20.16 2 1
github.com/RoseWrightdev/Video-Conferencing/backend/go/internal/v1/session/sfu.go:20.16,22.3 1 1
github.com/RoseWrightdev/Video-Conferencing/backend/go/internal/v1/session/sfu.go:26.2,54.16 6 1
github.com/RoseWrightdev/Video-Conferencing/backend/go/internal/v1/session/sfu.go:54.16,57.3 1 1
github.com/RoseWrightdev/Video-Conferencing/backend/go/internal/v1/session/sfu.go:57.8,57.26 1 1
github.com/RoseWrightdev/Video-Conferencing/backend/go/internal/v1/session/sfu.go:57.26,58.13 1 1
github.com/RoseWrightdev/Video-Conferencing/backend/go/internal/v1/session/sfu.go:58.13,59.8 1 1
github.com/RoseWrightdev/Video-Conferencing/backend/go/internal/v1/session/sfu.go:59.8,61.19 2 1
github.com/RoseWrightdev/Video-Conferencing/backend/go/internal/v1/session/sfu.go:61.19,64.6 2 1
github.com/RoseWrightdev/Video-Conferencing/backend/go/internal/v1/session/sfu.go:66.5,66.58 1 1
github.com/RoseWrightdev/Video-Conferencing/backend/go/internal/v1/session/sfu.go:66.58,68.6 1 1
github.com/RoseWrightdev/Video-Conferencing/backend/go/internal/v1/session/sfu.go:73.2,73.12 1 1
github.com/RoseWrightdev/Video-Conferencing/backend/go/internal/v1/session/sfu.go:77.95,78.18 1 1
github.com/RoseWrightdev/Video-Conferencing/backend/go/internal/v1/session/sfu.go:78.18,80.3 1 1
github.com/RoseWrightdev/Video-Conferencing/backend/go/internal/v1/session/sfu.go:82.2,86.16 4 1
github.com/RoseWrightdev/Video-Conferencing/backend/go/internal/v1/session/sfu.go:86.16,88.3 1 0
github.com/RoseWrightdev/Video-Conferencing/backend/go/internal/v1/session/sfu_helpers.go:12.53,13.32 1 1
github.com/RoseWrightdev/Video-Conferencing/backend/go/internal/v1/session/sfu_helpers.go:13.32,15.3 1 1
github.com/RoseWrightdev/Video-Conferencing/backend/go/internal/v1/session/sfu_helpers.go:16.2,16.33 1 1
github.com/RoseWrightdev/Video-Conferencing/backend/go/internal/v1/session/sfu_helpers.go:16.33,18.3 1 1
github.com/RoseWrightdev/Video-Conferencing/backend/go/internal/v1/session/sfu_helpers.go:19.2,19.36 1 1
github.com/RoseWrightdev/Video-Conferencing/backend/go/internal/v1/session/sfu_helpers.go:19.36,21.3 1 1
github.com/RoseWrightdev/Video-Conferencing/backend/go/internal/v1/session/sfu_helpers.go:22.2,22.18 1 1
github.com/RoseWrightdev/Video-Conferencing/backend/go/internal/v1/session/sfu_helpers.go:27.79,29.60 1 1
github.com/RoseWrightdev/Video-Conferencing/backend/go/internal/v1/session/sfu_helpers.go:29.60,36.3 2 1
github.com/RoseWrightdev/Video-Conferencing/backend/go/internal/v1/session/sfu_helpers.go:39.2,39.54 1 1
github.com/RoseWrightdev/Video-Conferencing/backend/go/internal/v1/session/sfu_helpers.go:39.54,50.3 2 1
github.com/RoseWrightdev/Video-Conferencing/backend/go/internal/v1/session/sfu_helpers.go:53.2,53.44 1 1
github.com/RoseWrightdev/Video-Conferencing/backend/go/internal/v1/session/sfu_helpers.go:53.44,64.3 2 1
github.com/RoseWrightdev/Video-Conferencing/backend/go/internal/v1/session/sfu_helpers.go:67.2,67.59 1 1
github.com/RoseWrightdev/Video-Conferencing/backend/go/internal/v1/session/sfu_helpers.go:67.59,78.3 2 1
github.com/RoseWrightdev/Video-Conferencing/backend/go/internal/v1/session/sfu_helpers.go:80.2,80.12 1 1
github.com/RoseWrightdev/Video-Conferencing/backend/go/internal/v1/session/types.go:51.40,52.37 1 1
github.com/RoseWrightdev/Video-Conferencing/backend/go/internal/v1/session/types.go:52.37,54.3 1 1
github.com/RoseWrightdev/Video-Conferencing/backend/go/internal/v1/session/types.go:55.2,55.39 1 1
github.com/RoseWrightdev/Video-Conferencing/backend/go/internal/v1/session/types.go:55.39,57.3 1 1
github.com/RoseWrightdev/Video-Conferencing/backend/go/internal/v1/session/types.go:58.2,58.30 1 1
github.com/RoseWrightdev/Video-Conferencing/backend/go/internal/v1/session/types.go:58.30,60.3 1 1
github.com/RoseWrightdev/Video-Conferencing/backend/go/internal/v1/session/types.go:61.2,61.12 1 1
